<?xml version="1.0" encoding="UTF-8"?>
<testng-results ignored="0" total="1" passed="1" failed="0" skipped="0">
  <reporter-output>
  </reporter-output>
  <suite started-at="2019-12-25T09:09:46Z" name="Default suite" finished-at="2019-12-25T09:10:04Z" duration-ms="18278">
    <groups>
    </groups>
    <test started-at="2019-12-25T09:09:46Z" name="Default test" finished-at="2019-12-25T09:10:04Z" duration-ms="18278">
      <class name="Tabs">
        <test-method is-config="true" signature="setup()[pri:0, instance:Tabs@e50a6f6]" started-at="2019-12-25T09:09:46Z" name="setup" finished-at="2019-12-25T09:10:02Z" duration-ms="16004" status="PASS">
          <reporter-output>
          </reporter-output>
        </test-method> <!-- setup -->
        <test-method signature="openTab()[pri:0, instance:Tabs@e50a6f6]" started-at="2019-12-25T09:10:02Z" name="openTab" finished-at="2019-12-25T09:10:04Z" duration-ms="2185" status="PASS">
          <reporter-output>
          </reporter-output>
        </test-method> <!-- openTab -->
      </class> <!-- Tabs -->
    </test> <!-- Default test -->
  </suite> <!-- Default suite -->
</testng-results>
